================================================================================
InfinityCompany 每日运维检查报告
================================================================================
检查时间: 2026-03-28 02:56:43
检查人员: 周勃 (运维工程师)
配置文件: configs/openclaw-target.local.env
报告文件: /Users/wangrenzhu/work/MetaClaw/InfinityCompany/logs/daily-check-20260328-025643.log
================================================================================

[0;34m[INFO][0m 【1/8】环境配置检查

[0;32m[PASS][0m 配置文件存在: configs/openclaw-target.local.env
[0;32m[PASS][0m 配置验证通过
[0;34m[INFO][0m 【2/8】服务健康检查

[0;32m[PASS][0m Gateway 服务健康: http://127.0.0.1:18789
[0;32m[PASS][0m ClawPanel 服务健康: http://127.0.0.1:1420/
[0;34m[INFO][0m 【3/8】运行时目录检查

[0;32m[PASS][0m 运行时目录存在: /Users/wangrenzhu/work/MetaClaw/runtime/openclaw-base/.infinity-company
[0;32m[PASS][0m 部署标记存在，最后部署: 2026-03-27T06:53:26Z
[0;32m[PASS][0m 运行时目录包含        3 个文件
[0;34m[INFO][0m 【4/8】快照数量检查

[0;32m[PASS][0m 快照目录存在: /Users/wangrenzhu/work/MetaClaw/InfinityCompany/snapshots
[0;32m[PASS][0m 可用快照数量:        7 个

最近 3 个快照:
    - attach-20260327-083215
    - attach-20260327-083244
    - attach-20260327-145326
[0;34m[INFO][0m 【5/8】Git 工作区检查

[0;32m[PASS][0m overlay/ 目录无未提交变更
[1;33m[WARN][0m 有        2 个未推送的提交
    推送命令: git -C /Users/wangrenzhu/work/MetaClaw/InfinityCompany push
[0;34m[INFO][0m 【6/8】磁盘空间检查

[0;32m[PASS][0m 快照目录大小:  48K
[0;32m[PASS][0m 运行时目录大小:  12K
[0;32m[PASS][0m 磁盘使用率正常: 3%
[0;34m[INFO][0m 【7/8】Docker 状态检查

[0;32m[PASS][0m Docker 服务运行中
[0;32m[PASS][0m ClawPanel 容器运行中
[0;34m[INFO][0m 【8/8】发布准备检查

[0;32m[PASS][0m 发布准备就绪

发布命令:
    ./scripts/deploy-overlay.sh configs/openclaw-target.local.env
[0;34m[INFO][0m 【可选】清理超过 30 天的旧快照
[0;32m[PASS][0m 无超过 30 天的旧快照需要清理

================================================================================
检查摘要
================================================================================
通过项:  17
失败项:  0
警告项:  1
================================================================================
状态: ✓ 检查通过
================================================================================
